ARM GAS  C:\Users\41786\AppData\Local\Temp\ccFUIysi.s 			page 1


   1              		.cpu cortex-m4
   2              		.eabi_attribute 27, 1
   3              		.eabi_attribute 28, 1
   4              		.eabi_attribute 20, 1
   5              		.eabi_attribute 21, 1
   6              		.eabi_attribute 23, 3
   7              		.eabi_attribute 24, 1
   8              		.eabi_attribute 25, 1
   9              		.eabi_attribute 26, 1
  10              		.eabi_attribute 30, 2
  11              		.eabi_attribute 34, 1
  12              		.eabi_attribute 18, 4
  13              		.file	"reception_capteur_IR.c"
  14              		.text
  15              	.Ltext0:
  16              		.cfi_sections	.debug_frame
  17              	.Letext0:
  18              		.section	.debug_line,"",%progbits
  19              	.Ldebug_line0:
  20              		.section	.debug_str,"MS",%progbits,1
  21              	.LASF0:
  22 0000 433A5C55 		.ascii	"C:\\Users\\41786\\Desktop\\epfl\\microinfo\\buck\\t"
  22      73657273 
  22      5C343137 
  22      38365C44 
  22      65736B74 
  23 002c 7020355C 		.ascii	"p 5\\Noisy_correction\000"
  23      4E6F6973 
  23      795F636F 
  23      72726563 
  23      74696F6E 
  24              	.LASF1:
  25 0041 474E5520 		.ascii	"GNU C11 7.2.1 20170904 (release) [ARM/embedded-7-br"
  25      43313120 
  25      372E322E 
  25      31203230 
  25      31373039 
  26 0074 616E6368 		.ascii	"anch revision 255204] -mcpu=cortex-m4 -mfloat-abi=h"
  26      20726576 
  26      6973696F 
  26      6E203235 
  26      35323034 
  27 00a7 61726420 		.ascii	"ard -mfpu=fpv4-sp-d16 -mno-thumb-interwork -mthumb "
  27      2D6D6670 
  27      753D6670 
  27      76342D73 
  27      702D6431 
  28 00da 2D676764 		.ascii	"-ggdb -O2 -fomit-frame-pointer -falign-functions=16"
  28      62202D4F 
  28      32202D66 
  28      6F6D6974 
  28      2D667261 
  29 010d 202D666E 		.ascii	" -fno-strict-aliasing -fstack-protector-all -ffunct"
  29      6F2D7374 
  29      72696374 
  29      2D616C69 
  29      6173696E 
ARM GAS  C:\Users\41786\AppData\Local\Temp\ccFUIysi.s 			page 2


  30 0140 696F6E2D 		.ascii	"ion-sections -fdata-sections -fno-common -fsingle-p"
  30      73656374 
  30      696F6E73 
  30      202D6664 
  30      6174612D 
  31 0173 72656369 		.ascii	"recision-constant\000"
  31      73696F6E 
  31      2D636F6E 
  31      7374616E 
  31      7400
  32              	.LASF2:
  33 0185 72656365 		.ascii	"reception_capteur_IR.c\000"
  33      7074696F 
  33      6E5F6361 
  33      70746575 
  33      725F4952 
  34              		.ident	"GCC: (GNU Tools for Arm Embedded Processors 7-2017-q4-major) 7.2.1 20170904 (release) [ARM
ARM GAS  C:\Users\41786\AppData\Local\Temp\ccFUIysi.s 			page 3


DEFINED SYMBOLS
                            *ABS*:00000000 reception_capteur_IR.c

NO UNDEFINED SYMBOLS
