ARM GAS  C:\Users\guill\AppData\Local\Temp\ccnN1QxZ.s 			page 1


   1              		.cpu cortex-m4
   2              		.eabi_attribute 27, 1
   3              		.eabi_attribute 28, 1
   4              		.eabi_attribute 20, 1
   5              		.eabi_attribute 21, 1
   6              		.eabi_attribute 23, 3
   7              		.eabi_attribute 24, 1
   8              		.eabi_attribute 25, 1
   9              		.eabi_attribute 26, 1
  10              		.eabi_attribute 30, 2
  11              		.eabi_attribute 34, 1
  12              		.eabi_attribute 18, 4
  13              		.file	"traitement_capteur_IR.c"
  14              		.text
  15              	.Ltext0:
  16              		.cfi_sections	.debug_frame
  17              	.Letext0:
  18              		.section	.debug_line,"",%progbits
  19              	.Ldebug_line0:
  20              		.section	.debug_str,"MS",%progbits,1
  21              	.LASF0:
  22 0000 74726169 		.ascii	"traitement_capteur_IR.c\000"
  22      74656D65 
  22      6E745F63 
  22      61707465 
  22      75725F49 
  23              	.LASF1:
  24 0018 433A5C55 		.ascii	"C:\\Users\\guill\\microinfo_TP\\projet\\buck\000"
  24      73657273 
  24      5C677569 
  24      6C6C5C6D 
  24      6963726F 
  25              	.LASF2:
  26 0040 474E5520 		.ascii	"GNU C11 7.2.1 20170904 (release) [ARM/embedded-7-br"
  26      43313120 
  26      372E322E 
  26      31203230 
  26      31373039 
  27 0073 616E6368 		.ascii	"anch revision 255204] -mcpu=cortex-m4 -mfloat-abi=h"
  27      20726576 
  27      6973696F 
  27      6E203235 
  27      35323034 
  28 00a6 61726420 		.ascii	"ard -mfpu=fpv4-sp-d16 -mno-thumb-interwork -mthumb "
  28      2D6D6670 
  28      753D6670 
  28      76342D73 
  28      702D6431 
  29 00d9 2D676764 		.ascii	"-ggdb -O2 -fomit-frame-pointer -falign-functions=16"
  29      62202D4F 
  29      32202D66 
  29      6F6D6974 
  29      2D667261 
  30 010c 202D666E 		.ascii	" -fno-strict-aliasing -fstack-protector-all -ffunct"
  30      6F2D7374 
  30      72696374 
  30      2D616C69 
ARM GAS  C:\Users\guill\AppData\Local\Temp\ccnN1QxZ.s 			page 2


  30      6173696E 
  31 013f 696F6E2D 		.ascii	"ion-sections -fdata-sections -fno-common -fsingle-p"
  31      73656374 
  31      696F6E73 
  31      202D6664 
  31      6174612D 
  32 0172 72656369 		.ascii	"recision-constant\000"
  32      73696F6E 
  32      2D636F6E 
  32      7374616E 
  32      7400
  33              		.ident	"GCC: (GNU Tools for Arm Embedded Processors 7-2017-q4-major) 7.2.1 20170904 (release) [ARM
ARM GAS  C:\Users\guill\AppData\Local\Temp\ccnN1QxZ.s 			page 3


DEFINED SYMBOLS
                            *ABS*:00000000 traitement_capteur_IR.c

NO UNDEFINED SYMBOLS
